2025-03-09 21:11:25,198   ERROR - 2292 - ORA-02292: restricción de integridad (BILLSAPP.GASTO_PARTICIPANTE_FK) violada - registro secundario encontrado
 - Delete from PARTICIPANTE where PARTICIPANTE_ID = 10
2025-03-10 13:37:49,249   ERROR - 904 - ORA-00904: "PP": identificador no válido
 - select * from USUARIO where ALIAS=pp
2025-03-10 13:42:06,374   ERROR - 904 - ORA-00904: "PEPITO": identificador no válido
 - select * from USUARIO where ALIAS=pepito
2025-03-10 13:43:24,894   ERROR - 904 - ORA-00904: "PEPITO": identificador no válido
 - select * from USUARIO where ALIAS=pepito
2025-03-10 13:45:41,080   ERROR - 904 - ORA-00904: "PEPITO": identificador no válido
 - select * from USUARIO where ALIAS=pepito
2025-03-10 13:48:44,269   ERROR - 904 - ORA-00904: "PEPITO": identificador no válido
 - select * from USUARIO where ALIAS=pepito
2025-03-10 13:50:48,300   ERROR - 904 - ORA-00904: "PEPITO": identificador no válido
 - select * from USUARIO where ALIAS=pepito
2025-03-10 15:58:02,292   ERROR - 12899 - ORA-12899: el valor es demasiado grande para la columna "BILLSAPP"."USUARIO"."PASSWORD" (real: 60, máximo: 52)
 - insert into USUARIO(USER_ID, ALIAS, EMAIL, PASSWORD, TELEFONO) values(USUARIO_SEQ.NEXTVAL, ?, ?, ?, ?)
2025-03-12 13:49:38,107   ERROR - 17008 - Conexión cerrada - select * from USUARIO where EMAIL= 'gaby@gmail.com'
2025-03-12 13:49:43,174   ERROR - 1 - ORA-00001: restricción única (BILLSAPP.USUARIO_UN) violada
 - insert into USUARIO(USER_ID, ALIAS, EMAIL, PASSWORD, TELEFONO) values(USUARIO_SEQ.NEXTVAL, ?, ?, ?, ?)
2025-03-12 13:53:07,904   ERROR - 1 - ORA-00001: restricción única (BILLSAPP.USUARIO_UN) violada
 - insert into USUARIO(USER_ID, ALIAS, EMAIL, PASSWORD, TELEFONO) values(USUARIO_SEQ.NEXTVAL, ?, ?, ?, ?)
2025-03-12 13:53:20,115   ERROR - 1 - ORA-00001: restricción única (BILLSAPP.USUARIO_UN) violada
 - insert into USUARIO(USER_ID, ALIAS, EMAIL, PASSWORD, TELEFONO) values(USUARIO_SEQ.NEXTVAL, ?, ?, ?, ?)
2025-03-12 13:56:40,166   ERROR - 17008 - Conexión cerrada - select * from USUARIO where EMAIL= 'pp@gmail.com'
2025-03-12 14:00:30,124   ERROR - 17008 - Conexión cerrada - select * from USUARIO where EMAIL= 'lola@gmail.com'
2025-03-13 10:29:04,227   ERROR - 17008 - Conexión cerrada - select * from USUARIO where EMAIL= 'bb@gmail.com'
2025-03-13 10:40:50,584   ERROR - 17008 - Conexión cerrada - select * from USUARIO where EMAIL= 'bb@gmail.com'
2025-03-13 10:59:14,408   ERROR - 17008 - Conexión cerrada - select * from USUARIO where EMAIL= 'bb@gmail.com'
2025-03-13 11:00:07,323   ERROR - 17008 - Conexión cerrada - select * from USUARIO where EMAIL= 'bb@gmail.com'
2025-03-13 11:14:00,967   ERROR - 17008 - Conexión cerrada - select * from USUARIO where EMAIL= 'bb@gmail.com'
2025-03-13 11:28:41,962   ERROR - 17008 - Conexión cerrada - select * from USUARIO where EMAIL= 'bb@gmail.com'
2025-03-14 12:56:10,087   ERROR - 17008 - Conexión cerrada - select * from GRUPO g, USUARIO u where g.USER_ID_CREADOR = u.USER_ID AND USER_ID_CREADOR=2 AND NOMBRE=Viaje a Italia
2025-03-14 12:58:45,403   ERROR - 1 - ORA-00001: restricción única (BILLSAPP.GRUPO_UN) violada
 - insert into GRUPO(GRUPO_ID, FECHA_CREACION, NOMBRE, USER_ID_CREADOR) values(GRUPO_SEQ.NEXTVAL, ?, ?, ?)
2025-03-14 13:00:47,953   ERROR - 17008 - Conexión cerrada - select * from GRUPO g, USUARIO u where g.USER_ID_CREADOR = u.USER_ID AND USER_ID_CREADOR=2 AND NOMBRE=Viaje a Castro
2025-03-14 13:04:23,891   ERROR - 17008 - Conexión cerrada - select * from GRUPO g, USUARIO u where g.USER_ID_CREADOR = u.USER_ID AND USER_ID_CREADOR=2 AND NOMBRE=Viaje a Castro
2025-03-14 13:05:39,395   ERROR - 17008 - Conexión cerrada - select * from GRUPO g, USUARIO u where g.USER_ID_CREADOR = u.USER_ID AND USER_ID_CREADOR=2 AND NOMBRE=Viaje a Castro
2025-03-14 13:35:27,591   ERROR - 17008 - Conexión cerrada - select * from GRUPO g, USUARIO u where g.USER_ID_CREADOR = u.USER_ID AND USER_ID_CREADOR=2 AND NOMBRE=Viaje a Castro
2025-03-14 13:37:39,054   ERROR - 933 - ORA-00933: comando SQL no terminado correctamente
 - select * from GRUPO g, USUARIO u where g.USER_ID_CREADOR = u.USER_ID AND USER_ID_CREADOR=2 AND NOMBRE=Viaje a Castro
2025-03-14 13:42:33,325   ERROR - 933 - ORA-00933: comando SQL no terminado correctamente
 - select * from GRUPO g, USUARIO u where g.USER_ID_CREADOR = u.USER_ID AND USER_ID_CREADOR=2 AND NOMBRE=Viaje a Castro
2025-03-14 13:42:44,121   ERROR - 1 - ORA-00001: restricción única (BILLSAPP.GRUPO_UN) violada
 - insert into GRUPO(GRUPO_ID, FECHA_CREACION, NOMBRE, USER_ID_CREADOR) values(GRUPO_SEQ.NEXTVAL, ?, ?, ?)
2025-03-14 13:43:27,730   ERROR - 933 - ORA-00933: comando SQL no terminado correctamente
 - select * from GRUPO g, USUARIO u where g.USER_ID_CREADOR = u.USER_ID AND USER_ID_CREADOR=2 AND NOMBRE=Viaje a Castro
2025-03-14 14:57:13,658   ERROR - 1 - ORA-00001: restricción única (BILLSAPP.GRUPO_UN) violada
 - insert into GRUPO(GRUPO_ID, FECHA_CREACION, NOMBRE, USER_ID_CREADOR) values(GRUPO_SEQ.NEXTVAL, ?, ?, ?)
2025-03-14 14:59:20,787   ERROR - 1 - ORA-00001: restricción única (BILLSAPP.PARTICIPANTE__UN) violada
 - insert into PARTICIPANTE(PARTICIPANTE_ID, ALIAS, GRUPO_ID) values(PARTICIPANTE_SEQ.NEXTVAL, ?, ?)
2025-03-17 15:36:06,241   ERROR - 12899 - ORA-12899: el valor es demasiado grande para la columna "BILLSAPP"."USUARIO"."TELEFONO" (real: 10, máximo: 9)
 - insert into USUARIO(USER_ID, ALIAS, EMAIL, PASSWORD, TELEFONO) values(USUARIO_SEQ.NEXTVAL, ?, ?, ?, ?)
2025-03-17 15:36:17,977   ERROR - 12899 - ORA-12899: el valor es demasiado grande para la columna "BILLSAPP"."USUARIO"."TELEFONO" (real: 10, máximo: 9)
 - insert into USUARIO(USER_ID, ALIAS, EMAIL, PASSWORD, TELEFONO) values(USUARIO_SEQ.NEXTVAL, ?, ?, ?, ?)
2025-03-17 15:45:00,192   ERROR - 2290 - ORA-02290: restricción de control (BILLSAPP.USUARIO_CK_1) violada
 - insert into USUARIO(USER_ID, ALIAS, EMAIL, PASSWORD, TELEFONO) values(USUARIO_SEQ.NEXTVAL, ?, ?, ?, ?)
2025-03-17 15:45:15,719   ERROR - 2290 - ORA-02290: restricción de control (BILLSAPP.USUARIO_CK_1) violada
 - insert into USUARIO(USER_ID, ALIAS, EMAIL, PASSWORD, TELEFONO) values(USUARIO_SEQ.NEXTVAL, ?, ?, ?, ?)
2025-03-17 15:45:29,572   ERROR - 2290 - ORA-02290: restricción de control (BILLSAPP.USUARIO_CK_1) violada
 - insert into USUARIO(USER_ID, ALIAS, EMAIL, PASSWORD, TELEFONO) values(USUARIO_SEQ.NEXTVAL, ?, ?, ?, ?)
2025-03-17 15:45:45,376   ERROR - 2290 - ORA-02290: restricción de control (BILLSAPP.USUARIO_CK_1) violada
 - insert into USUARIO(USER_ID, ALIAS, EMAIL, PASSWORD, TELEFONO) values(USUARIO_SEQ.NEXTVAL, ?, ?, ?, ?)
2025-03-18 15:34:49,746   ERROR - 17006 - Nombre de columna no válido - select * from PARTICIPANTE p, GRUPO g where p.GRUPO_ID = g.GRUPO_ID and p.GRUPO_ID =17
2025-03-18 15:37:16,861   ERROR - 17006 - Nombre de columna no válido - select * from PARTICIPANTE p, GRUPO g where p.GRUPO_ID = g.GRUPO_ID and p.GRUPO_ID =17
2025-03-30 17:33:04,586   ERROR - 1 - ORA-00001: restricción única (BILLSAPP.GASTO_PK) violada
 - insert into GASTO(GASTO_ID, FECHA, DESCRIPCION, IMPORTE_TOTAL, PARTICIPANTE_ID_PAGADOR) values(GASTO_SEQ.NEXTVAL, ?, ?, ?, ?)
2025-03-30 22:25:54,952   ERROR - 17008 - Conexión cerrada - select * from GASTO g, PARTICIPANTE p where g.PARTICIPANTE_ID_PAGADOR = p.PARTICIPANTE_ID AND FECHA='2025-03-24' AND DESCRIPCION= 'hotel'
2025-03-30 22:40:44,433   ERROR - 17008 - Conexión cerrada - select * from GASTO g, PARTICIPANTE p where g.PARTICIPANTE_ID_PAGADOR = p.PARTICIPANTE_ID AND FECHA='2025-03-19' AND DESCRIPCION= 'hotel'
2025-03-30 22:50:53,046   ERROR - 1861 - ORA-01861: el literal no coincide con la cadena de formato
 - select * from GASTO g, PARTICIPANTE p where g.PARTICIPANTE_ID_PAGADOR = p.PARTICIPANTE_ID AND FECHA='2025-03-30' AND DESCRIPCION= 'hotel'
2025-03-30 22:57:51,949   ERROR - 1861 - ORA-01861: el literal no coincide con la cadena de formato
 - select * from GASTO g, PARTICIPANTE p where g.PARTICIPANTE_ID_PAGADOR = p.PARTICIPANTE_ID AND FECHA='2025-03-19' AND DESCRIPCION= 'sfedsdf'
2025-03-30 23:02:01,287   ERROR - 1861 - ORA-01861: el literal no coincide con la cadena de formato
 - select * from GASTO g, PARTICIPANTE p where g.PARTICIPANTE_ID_PAGADOR = p.PARTICIPANTE_ID AND FECHA='2025-03-31' AND DESCRIPCION= 'dfdf'
2025-03-30 23:06:15,772   ERROR - 1861 - ORA-01861: el literal no coincide con la cadena de formato
 - select * from GASTO g, PARTICIPANTE p where g.PARTICIPANTE_ID_PAGADOR = p.PARTICIPANTE_ID AND FECHA='2025-03-30' AND DESCRIPCION= 'prueba'
2025-03-30 23:11:01,535   ERROR - 1861 - ORA-01861: el literal no coincide con la cadena de formato
 - select * from GASTO g, PARTICIPANTE p where g.PARTICIPANTE_ID_PAGADOR = p.PARTICIPANTE_ID AND FECHA='2025-03-20' AND DESCRIPCION= 'prueba'
2025-03-30 23:12:09,996   ERROR - 1861 - ORA-01861: el literal no coincide con la cadena de formato
 - select * from GASTO g, PARTICIPANTE p where g.PARTICIPANTE_ID_PAGADOR = p.PARTICIPANTE_ID AND FECHA='2025-03-24' AND DESCRIPCION= 'prueba nueva'
2025-03-30 23:33:55,355   ERROR - 904 - ORA-00904: "P"."USER_ID": identificador no válido
 - SELECT g.GASTO_ID, g.FECHA, g.DESCRIPCION, g.IMPORTE_TOTAL, g.PARTICIPANTE_ID_PAGADOR, p.ALIAS, p.USER_ID FROM GASTO g INNER JOIN PARTICIPANTE p ON g.PARTICIPANTE_ID_PAGADOR = p.PARTICIPANTE_ID WHERE g.FECHA = ? AND g.DESCRIPCION = ?
2025-03-30 23:47:34,464   ERROR - 17006 - Nombre de columna no válido - select * from GASTO g, PARTICIPANTE p where g.PARTICIPANTE_ID_PAGADOR = p.PARTICIPANTE_ID AND FECHA = ? AND DESCRIPCION = ?
2025-03-30 23:55:56,178   ERROR - 17006 - Nombre de columna no válido - select * from GASTO g, PARTICIPANTE p where g.PARTICIPANTE_ID_PAGADOR = p.PARTICIPANTE_ID AND FECHA = ? AND DESCRIPCION = ?
2025-03-31 00:01:46,920   ERROR - 17006 - Nombre de columna no válido - select * from GASTO g, PARTICIPANTE p where g.PARTICIPANTE_ID_PAGADOR = p.PARTICIPANTE_ID AND g.FECHA = ? AND g.DESCRIPCION = ?
2025-03-31 00:17:41,868   ERROR - 17006 - Nombre de columna no válido - select * from GASTO g, PARTICIPANTE p where g.PARTICIPANTE_ID_PAGADOR = p.PARTICIPANTE_ID AND g.FECHA = ? AND g.DESCRIPCION = ?
2025-03-31 00:24:07,856   ERROR - 17006 - Nombre de columna no válido - select * from GASTO g, PARTICIPANTE p where g.PARTICIPANTE_ID_PAGADOR = p.PARTICIPANTE_ID AND g.FECHA = ? AND g.DESCRIPCION = ?
2025-03-31 00:31:07,782   ERROR - 17014 - No se ha llamado a ResultSet.next - select * from GASTO g, PARTICIPANTE p where g.PARTICIPANTE_ID_PAGADOR = p.PARTICIPANTE_ID AND g.FECHA = ? AND g.DESCRIPCION = ?
2025-03-31 15:24:58,463   ERROR - 2290 - ORA-02290: restricción de control (BILLSAPP.GASTO_CK_1) violada
 - insert into GASTO(GASTO_ID, FECHA, DESCRIPCION, IMPORTE_TOTAL, PARTICIPANTE_ID_PAGADOR) values(GASTO_SEQ.NEXTVAL, ?, ?, ?, ?)
2025-03-31 15:27:28,451   ERROR - 2290 - ORA-02290: restricción de control (BILLSAPP.GASTO_CK_1) violada
 - insert into GASTO(GASTO_ID, FECHA, DESCRIPCION, IMPORTE_TOTAL, PARTICIPANTE_ID_PAGADOR) values(GASTO_SEQ.NEXTVAL, ?, ?, ?, ?)
2025-03-31 15:41:17,649   ERROR - 2290 - ORA-02290: restricción de control (BILLSAPP.GASTO_CK_1) violada
 - insert into GASTO(GASTO_ID, FECHA, DESCRIPCION, IMPORTE_TOTAL, PARTICIPANTE_ID_PAGADOR) values(GASTO_SEQ.NEXTVAL, ?, ?, ?, ?)
2025-03-31 15:41:21,331   ERROR - 2290 - ORA-02290: restricción de control (BILLSAPP.GASTO_CK_1) violada
 - insert into GASTO(GASTO_ID, FECHA, DESCRIPCION, IMPORTE_TOTAL, PARTICIPANTE_ID_PAGADOR) values(GASTO_SEQ.NEXTVAL, ?, ?, ?, ?)
2025-03-31 15:41:23,432   ERROR - 2290 - ORA-02290: restricción de control (BILLSAPP.GASTO_CK_1) violada
 - insert into GASTO(GASTO_ID, FECHA, DESCRIPCION, IMPORTE_TOTAL, PARTICIPANTE_ID_PAGADOR) values(GASTO_SEQ.NEXTVAL, ?, ?, ?, ?)
2025-03-31 16:45:06,252   ERROR - 2290 - ORA-02290: restricción de control (BILLSAPP.GASTO_CK_1) violada
 - insert into GASTO(GASTO_ID, FECHA, DESCRIPCION, IMPORTE_TOTAL, PARTICIPANTE_ID_PAGADOR) values(GASTO_SEQ.NEXTVAL, ?, ?, ?, ?)
2025-03-31 16:51:18,440   ERROR - 2290 - ORA-02290: restricción de control (BILLSAPP.GASTO_CK_1) violada
 - insert into GASTO(GASTO_ID, FECHA, DESCRIPCION, IMPORTE_TOTAL, PARTICIPANTE_ID_PAGADOR) values(GASTO_SEQ.NEXTVAL, ?, ?, ?, ?)
2025-03-31 16:51:57,705   ERROR - 2290 - ORA-02290: restricción de control (BILLSAPP.GASTO_CK_1) violada
 - insert into GASTO(GASTO_ID, FECHA, DESCRIPCION, IMPORTE_TOTAL, PARTICIPANTE_ID_PAGADOR) values(GASTO_SEQ.NEXTVAL, ?, ?, ?, ?)
2025-03-31 16:52:43,975   ERROR - 2290 - ORA-02290: restricción de control (BILLSAPP.GASTO_CK_1) violada
 - insert into GASTO(GASTO_ID, FECHA, DESCRIPCION, IMPORTE_TOTAL, PARTICIPANTE_ID_PAGADOR) values(GASTO_SEQ.NEXTVAL, ?, ?, ?, ?)
2025-03-31 17:00:13,365   ERROR - 2290 - ORA-02290: restricción de control (BILLSAPP.GASTO_CK_1) violada
 - insert into GASTO(GASTO_ID, FECHA, DESCRIPCION, IMPORTE_TOTAL, PARTICIPANTE_ID_PAGADOR) values(GASTO_SEQ.NEXTVAL, ?, ?, ?, ?)
2025-03-31 17:00:17,172   ERROR - 2290 - ORA-02290: restricción de control (BILLSAPP.GASTO_CK_1) violada
 - insert into GASTO(GASTO_ID, FECHA, DESCRIPCION, IMPORTE_TOTAL, PARTICIPANTE_ID_PAGADOR) values(GASTO_SEQ.NEXTVAL, ?, ?, ?, ?)
2025-03-31 17:00:18,556   ERROR - 2290 - ORA-02290: restricción de control (BILLSAPP.GASTO_CK_1) violada
 - insert into GASTO(GASTO_ID, FECHA, DESCRIPCION, IMPORTE_TOTAL, PARTICIPANTE_ID_PAGADOR) values(GASTO_SEQ.NEXTVAL, ?, ?, ?, ?)
2025-03-31 17:00:19,877   ERROR - 2290 - ORA-02290: restricción de control (BILLSAPP.GASTO_CK_1) violada
 - insert into GASTO(GASTO_ID, FECHA, DESCRIPCION, IMPORTE_TOTAL, PARTICIPANTE_ID_PAGADOR) values(GASTO_SEQ.NEXTVAL, ?, ?, ?, ?)
2025-03-31 17:00:20,102   ERROR - 2290 - ORA-02290: restricción de control (BILLSAPP.GASTO_CK_1) violada
 - insert into GASTO(GASTO_ID, FECHA, DESCRIPCION, IMPORTE_TOTAL, PARTICIPANTE_ID_PAGADOR) values(GASTO_SEQ.NEXTVAL, ?, ?, ?, ?)
2025-03-31 17:00:20,312   ERROR - 2290 - ORA-02290: restricción de control (BILLSAPP.GASTO_CK_1) violada
 - insert into GASTO(GASTO_ID, FECHA, DESCRIPCION, IMPORTE_TOTAL, PARTICIPANTE_ID_PAGADOR) values(GASTO_SEQ.NEXTVAL, ?, ?, ?, ?)
2025-03-31 17:00:20,539   ERROR - 2290 - ORA-02290: restricción de control (BILLSAPP.GASTO_CK_1) violada
 - insert into GASTO(GASTO_ID, FECHA, DESCRIPCION, IMPORTE_TOTAL, PARTICIPANTE_ID_PAGADOR) values(GASTO_SEQ.NEXTVAL, ?, ?, ?, ?)
2025-03-31 17:00:20,730   ERROR - 2290 - ORA-02290: restricción de control (BILLSAPP.GASTO_CK_1) violada
 - insert into GASTO(GASTO_ID, FECHA, DESCRIPCION, IMPORTE_TOTAL, PARTICIPANTE_ID_PAGADOR) values(GASTO_SEQ.NEXTVAL, ?, ?, ?, ?)
2025-03-31 17:00:20,863   ERROR - 2290 - ORA-02290: restricción de control (BILLSAPP.GASTO_CK_1) violada
 - insert into GASTO(GASTO_ID, FECHA, DESCRIPCION, IMPORTE_TOTAL, PARTICIPANTE_ID_PAGADOR) values(GASTO_SEQ.NEXTVAL, ?, ?, ?, ?)
2025-03-31 17:00:21,104   ERROR - 2290 - ORA-02290: restricción de control (BILLSAPP.GASTO_CK_1) violada
 - insert into GASTO(GASTO_ID, FECHA, DESCRIPCION, IMPORTE_TOTAL, PARTICIPANTE_ID_PAGADOR) values(GASTO_SEQ.NEXTVAL, ?, ?, ?, ?)
2025-03-31 17:00:38,124   ERROR - 2290 - ORA-02290: restricción de control (BILLSAPP.GASTO_CK_1) violada
 - insert into GASTO(GASTO_ID, FECHA, DESCRIPCION, IMPORTE_TOTAL, PARTICIPANTE_ID_PAGADOR) values(GASTO_SEQ.NEXTVAL, ?, ?, ?, ?)
2025-03-31 17:00:39,997   ERROR - 2290 - ORA-02290: restricción de control (BILLSAPP.GASTO_CK_1) violada
 - insert into GASTO(GASTO_ID, FECHA, DESCRIPCION, IMPORTE_TOTAL, PARTICIPANTE_ID_PAGADOR) values(GASTO_SEQ.NEXTVAL, ?, ?, ?, ?)
2025-03-31 17:00:40,592   ERROR - 2290 - ORA-02290: restricción de control (BILLSAPP.GASTO_CK_1) violada
 - insert into GASTO(GASTO_ID, FECHA, DESCRIPCION, IMPORTE_TOTAL, PARTICIPANTE_ID_PAGADOR) values(GASTO_SEQ.NEXTVAL, ?, ?, ?, ?)
2025-03-31 17:00:40,885   ERROR - 2290 - ORA-02290: restricción de control (BILLSAPP.GASTO_CK_1) violada
 - insert into GASTO(GASTO_ID, FECHA, DESCRIPCION, IMPORTE_TOTAL, PARTICIPANTE_ID_PAGADOR) values(GASTO_SEQ.NEXTVAL, ?, ?, ?, ?)
2025-03-31 17:05:34,179   ERROR - 2290 - ORA-02290: restricción de control (BILLSAPP.GASTO_CK_1) violada
 - insert into GASTO(GASTO_ID, FECHA, DESCRIPCION, IMPORTE_TOTAL, PARTICIPANTE_ID_PAGADOR) values(GASTO_SEQ.NEXTVAL, ?, ?, ?, ?)
2025-03-31 17:05:37,783   ERROR - 2290 - ORA-02290: restricción de control (BILLSAPP.GASTO_CK_1) violada
 - insert into GASTO(GASTO_ID, FECHA, DESCRIPCION, IMPORTE_TOTAL, PARTICIPANTE_ID_PAGADOR) values(GASTO_SEQ.NEXTVAL, ?, ?, ?, ?)
2025-04-06 19:38:34,003   ERROR - 1438 - ORA-01438: valor mayor que el que permite la precisión especificada para esta columna
 - insert into GASTO(GASTO_ID, FECHA, DESCRIPCION, IMPORTE_TOTAL, PARTICIPANTE_ID_PAGADOR) values(GASTO_SEQ.NEXTVAL, ?, ?, ?, ?)
2025-04-06 19:38:45,380   ERROR - 1438 - ORA-01438: valor mayor que el que permite la precisión especificada para esta columna
 - insert into GASTO(GASTO_ID, FECHA, DESCRIPCION, IMPORTE_TOTAL, PARTICIPANTE_ID_PAGADOR) values(GASTO_SEQ.NEXTVAL, ?, ?, ?, ?)
2025-04-06 19:38:53,076   ERROR - 1438 - ORA-01438: valor mayor que el que permite la precisión especificada para esta columna
 - insert into GASTO(GASTO_ID, FECHA, DESCRIPCION, IMPORTE_TOTAL, PARTICIPANTE_ID_PAGADOR) values(GASTO_SEQ.NEXTVAL, ?, ?, ?, ?)
2025-04-06 19:39:23,322   ERROR - 1438 - ORA-01438: valor mayor que el que permite la precisión especificada para esta columna
 - insert into GASTO(GASTO_ID, FECHA, DESCRIPCION, IMPORTE_TOTAL, PARTICIPANTE_ID_PAGADOR) values(GASTO_SEQ.NEXTVAL, ?, ?, ?, ?)
2025-04-07 00:26:49,545   ERROR - 2292 - ORA-02292: restricción de integridad (BILLSAPP.GRUPO_USUARIO_FK) violada - registro secundario encontrado
 - Delete from USUARIO where USER_ID = 28
2025-04-07 00:28:10,600   ERROR - 2290 - ORA-02290: restricción de control (BILLSAPP.USUARIO_CK_1) violada
 - insert into USUARIO(USER_ID, ALIAS, EMAIL, PASSWORD, TELEFONO) values(USUARIO_SEQ.NEXTVAL, ?, ?, ?, ?)
2025-04-10 18:15:10,450   ERROR - 2292 - ORA-02292: restricción de integridad (BILLSAPP.GRUPO_USUARIO_FK) violada - registro secundario encontrado
 - Delete from USUARIO where USER_ID = 29
2025-04-10 18:15:15,040   ERROR - 2292 - ORA-02292: restricción de integridad (BILLSAPP.GRUPO_USUARIO_FK) violada - registro secundario encontrado
 - Delete from USUARIO where USER_ID = 29
2025-04-10 19:04:50,275   ERROR - 2292 - ORA-02292: restricción de integridad (BILLSAPP.GRUPO_USUARIO_FK) violada - registro secundario encontrado
 - Delete from USUARIO where USER_ID = 29
2025-04-13 22:11:10,761   ERROR - 12899 - ORA-12899: el valor es demasiado grande para la columna "BILLSAPP"."USUARIO"."TELEFONO" (real: 12, máximo: 9)
 - insert into USUARIO(USER_ID, ALIAS, EMAIL, PASSWORD, TELEFONO) values(USUARIO_SEQ.NEXTVAL, ?, ?, ?, ?)
2025-04-13 22:47:21,354   ERROR - 1 - ORA-00001: restricción única (BILLSAPP.USUARIO_UN) violada
 - insert into USUARIO(USER_ID, ALIAS, EMAIL, PASSWORD, TELEFONO) values(USUARIO_SEQ.NEXTVAL, ?, ?, ?, ?)
2025-04-13 22:47:30,433   ERROR - 1 - ORA-00001: restricción única (BILLSAPP.USUARIO_UN) violada
 - insert into USUARIO(USER_ID, ALIAS, EMAIL, PASSWORD, TELEFONO) values(USUARIO_SEQ.NEXTVAL, ?, ?, ?, ?)
2025-04-14 09:56:10,915   ERROR - 2292 - ORA-02292: restricción de integridad (BILLSAPP.GRUPO_USUARIO_FK) violada - registro secundario encontrado
 - Delete from USUARIO where USER_ID = 43
2025-04-14 09:56:14,992   ERROR - 2292 - ORA-02292: restricción de integridad (BILLSAPP.GRUPO_USUARIO_FK) violada - registro secundario encontrado
 - Delete from USUARIO where USER_ID = 43
2025-04-14 10:00:30,851   ERROR - 1 - ORA-00001: restricción única (BILLSAPP.USUARIO_UN) violada
 - insert into USUARIO(USER_ID, ALIAS, EMAIL, PASSWORD, TELEFONO) values(USUARIO_SEQ.NEXTVAL, ?, ?, ?, ?)
2025-04-17 19:04:15,153   ERROR - 2290 - ORA-02290: restricción de control (BILLSAPP.USUARIO_CK_1) violada
 - insert into USUARIO(USER_ID, ALIAS, EMAIL, PASSWORD, TELEFONO) values(USUARIO_SEQ.NEXTVAL, ?, ?, ?, ?)
2025-04-21 14:20:49,829   ERROR - 2291 - ORA-02291: restricción de integridad (BILLSAPP.DISTRIBUCION_GASTO_GASTO_FK) violada - clave principal no encontrada
 - insert into DISTRIBUCION_GASTO(DISTRIBUCION_ID, CANTIDAD_DEBIDA, PARTICIPANTE_ID, GASTO_ID) values(DISTRIBUCION_GASTO_SEQ.NEXTVAL, ?, ?, ?)
2025-04-21 16:08:45,472   ERROR - 2291 - ORA-02291: restricción de integridad (BILLSAPP.DISTRIBUCION_GASTO_GASTO_FK) violada - clave principal no encontrada
 - insert into DISTRIBUCION_GASTO(DISTRIBUCION_ID, CANTIDAD_DEBIDA, PARTICIPANTE_ID, GASTO_ID) values(DISTRIBUCION_GASTO_SEQ.NEXTVAL, ?, ?, ?)
2025-04-21 17:04:00,395   ERROR - 2292 - ORA-02292: restricción de integridad (BILLSAPP.DISTRIBUCION_GASTO_GASTO_FK) violada - registro secundario encontrado
 - Delete from GASTO where GASTO_ID = 85
2025-04-21 17:04:23,402   ERROR - 2292 - ORA-02292: restricción de integridad (BILLSAPP.DISTRIBUCION_GASTO_GASTO_FK) violada - registro secundario encontrado
 - Delete from GASTO where GASTO_ID = 85
2025-04-21 17:05:41,268   ERROR - 2292 - ORA-02292: restricción de integridad (BILLSAPP.DISTRIBUCION_GASTO_GASTO_FK) violada - registro secundario encontrado
 - Delete from GASTO where GASTO_ID = 85
2025-04-21 17:07:37,767   ERROR - 2292 - ORA-02292: restricción de integridad (BILLSAPP.DISTRIBUCION_GASTO_GASTO_FK) violada - registro secundario encontrado
 - Delete from GASTO where GASTO_ID = 85
2025-04-26 16:40:47,875   ERROR - 2292 - ORA-02292: restricción de integridad (BILLSAPP.GRUPO_USUARIO_FK) violada - registro secundario encontrado
 - Delete from USUARIO where USER_ID = 43
2025-04-26 17:15:21,010   ERROR - 12899 - ORA-12899: el valor es demasiado grande para la columna "BILLSAPP"."USUARIO"."TELEFONO" (real: 12, máximo: 9)
 - insert into USUARIO(USER_ID, ALIAS, EMAIL, PASSWORD, TELEFONO) values(USUARIO_SEQ.NEXTVAL, ?, ?, ?, ?)
2025-04-26 17:15:25,568   ERROR - 12899 - ORA-12899: el valor es demasiado grande para la columna "BILLSAPP"."USUARIO"."TELEFONO" (real: 12, máximo: 9)
 - insert into USUARIO(USER_ID, ALIAS, EMAIL, PASSWORD, TELEFONO) values(USUARIO_SEQ.NEXTVAL, ?, ?, ?, ?)
2025-04-26 17:15:29,712   ERROR - 12899 - ORA-12899: el valor es demasiado grande para la columna "BILLSAPP"."USUARIO"."TELEFONO" (real: 12, máximo: 9)
 - insert into USUARIO(USER_ID, ALIAS, EMAIL, PASSWORD, TELEFONO) values(USUARIO_SEQ.NEXTVAL, ?, ?, ?, ?)
2025-04-26 17:15:55,578   ERROR - 12899 - ORA-12899: el valor es demasiado grande para la columna "BILLSAPP"."USUARIO"."TELEFONO" (real: 12, máximo: 9)
 - insert into USUARIO(USER_ID, ALIAS, EMAIL, PASSWORD, TELEFONO) values(USUARIO_SEQ.NEXTVAL, ?, ?, ?, ?)
2025-04-26 17:26:03,172   ERROR - 1 - ORA-00001: restricción única (BILLSAPP.USUARIO_UN) violada
 - insert into USUARIO(USER_ID, ALIAS, EMAIL, PASSWORD, TELEFONO) values(USUARIO_SEQ.NEXTVAL, ?, ?, ?, ?)
2025-04-26 17:26:07,130   ERROR - 1 - ORA-00001: restricción única (BILLSAPP.USUARIO_UN) violada
 - insert into USUARIO(USER_ID, ALIAS, EMAIL, PASSWORD, TELEFONO) values(USUARIO_SEQ.NEXTVAL, ?, ?, ?, ?)
2025-04-26 17:26:11,085   ERROR - 1 - ORA-00001: restricción única (BILLSAPP.USUARIO_UN) violada
 - insert into USUARIO(USER_ID, ALIAS, EMAIL, PASSWORD, TELEFONO) values(USUARIO_SEQ.NEXTVAL, ?, ?, ?, ?)
2025-04-26 17:26:15,437   ERROR - 1 - ORA-00001: restricción única (BILLSAPP.USUARIO_UN) violada
 - insert into USUARIO(USER_ID, ALIAS, EMAIL, PASSWORD, TELEFONO) values(USUARIO_SEQ.NEXTVAL, ?, ?, ?, ?)
2025-04-26 17:31:32,687   ERROR - 2290 - ORA-02290: restricción de control (BILLSAPP.PARTICIPANTE_CK_1) violada
 - insert into PARTICIPANTE(PARTICIPANTE_ID, ALIAS, GRUPO_ID) values(PARTICIPANTE_SEQ.NEXTVAL, ?, ?)
2025-04-26 17:31:52,452   ERROR - 1 - ORA-00001: restricción única (BILLSAPP.GRUPO_UN) violada
 - insert into GRUPO(GRUPO_ID, FECHA_CREACION, NOMBRE, USER_ID_CREADOR) values(GRUPO_SEQ.NEXTVAL, ?, ?, ?)
2025-04-26 17:47:54,898   ERROR - 2290 - ORA-02290: restricción de control (BILLSAPP.GASTO_CK_1) violada
 - insert into GASTO(GASTO_ID, FECHA, DESCRIPCION, IMPORTE_TOTAL, PARTICIPANTE_ID_PAGADOR) values(GASTO_SEQ.NEXTVAL, ?, ?, ?, ?)
2025-04-26 17:48:29,748   ERROR - 12899 - ORA-12899: el valor es demasiado grande para la columna "BILLSAPP"."GASTO"."DESCRIPCION" (real: 279, máximo: 50)
 - insert into GASTO(GASTO_ID, FECHA, DESCRIPCION, IMPORTE_TOTAL, PARTICIPANTE_ID_PAGADOR) values(GASTO_SEQ.NEXTVAL, ?, ?, ?, ?)
2025-04-26 17:48:32,083   ERROR - 12899 - ORA-12899: el valor es demasiado grande para la columna "BILLSAPP"."GASTO"."DESCRIPCION" (real: 279, máximo: 50)
 - insert into GASTO(GASTO_ID, FECHA, DESCRIPCION, IMPORTE_TOTAL, PARTICIPANTE_ID_PAGADOR) values(GASTO_SEQ.NEXTVAL, ?, ?, ?, ?)
2025-04-27 18:09:00,812   ERROR - 1 - ORA-00001: restricción única (BILLSAPP.USUARIO_UNV1) violada
 - insert into USUARIO(USER_ID, ALIAS, EMAIL, PASSWORD, TELEFONO) values(USUARIO_SEQ.NEXTVAL, ?, ?, ?, ?)
2025-04-27 18:09:04,516   ERROR - 1 - ORA-00001: restricción única (BILLSAPP.USUARIO_UNV1) violada
 - insert into USUARIO(USER_ID, ALIAS, EMAIL, PASSWORD, TELEFONO) values(USUARIO_SEQ.NEXTVAL, ?, ?, ?, ?)
2025-04-28 09:59:57,338   ERROR - 2292 - ORA-02292: restricción de integridad (BILLSAPP.GRUPO_USUARIO_FK) violada - registro secundario encontrado
 - Delete from USUARIO where USER_ID = 43
2025-04-28 10:20:27,932   ERROR - 2292 - ORA-02292: restricción de integridad (BILLSAPP.GRUPO_USUARIO_FK) violada - registro secundario encontrado
 - Delete from USUARIO where USER_ID = 43
2025-04-28 10:27:38,511   ERROR - 2292 - ORA-02292: restricción de integridad (BILLSAPP.GRUPO_USUARIO_FK) violada - registro secundario encontrado
 - Delete from USUARIO where USER_ID = 43
2025-04-28 19:02:28,433   ERROR - 1 - ORA-00001: restricción única (BILLSAPP.USUARIO_UNV1) violada
 - insert into USUARIO(USER_ID, ALIAS, EMAIL, PASSWORD, TELEFONO) values(USUARIO_SEQ.NEXTVAL, ?, ?, ?, ?)
2025-04-28 19:02:33,295   ERROR - 1 - ORA-00001: restricción única (BILLSAPP.USUARIO_UNV1) violada
 - insert into USUARIO(USER_ID, ALIAS, EMAIL, PASSWORD, TELEFONO) values(USUARIO_SEQ.NEXTVAL, ?, ?, ?, ?)
2025-04-28 19:02:35,548   ERROR - 1 - ORA-00001: restricción única (BILLSAPP.USUARIO_UNV1) violada
 - insert into USUARIO(USER_ID, ALIAS, EMAIL, PASSWORD, TELEFONO) values(USUARIO_SEQ.NEXTVAL, ?, ?, ?, ?)
2025-05-02 12:51:06,024   ERROR - 1 - ORA-00001: restricción única (BILLSAPP.PARTICIPANTE__UN) violada
 - insert into PARTICIPANTE(PARTICIPANTE_ID, ALIAS, GRUPO_ID) values(PARTICIPANTE_SEQ.NEXTVAL, ?, ?)
2025-05-02 12:53:11,816   ERROR - 1 - ORA-00001: restricción única (BILLSAPP.PARTICIPANTE__UN) violada
 - insert into PARTICIPANTE(PARTICIPANTE_ID, ALIAS, GRUPO_ID) values(PARTICIPANTE_SEQ.NEXTVAL, ?, ?)
2025-05-03 18:26:27,340   ERROR - 1 - ORA-00001: restricción única (BILLSAPP.PARTICIPANTE__UN) violada
 - insert into PARTICIPANTE(PARTICIPANTE_ID, ALIAS, GRUPO_ID) values(PARTICIPANTE_SEQ.NEXTVAL, ?, ?)
2025-05-04 12:33:57,742   ERROR - 1 - ORA-00001: restricción única (BILLSAPP.GRUPO_UN) violada
 - insert into GRUPO(GRUPO_ID, FECHA_CREACION, NOMBRE, USER_ID_CREADOR) values(GRUPO_SEQ.NEXTVAL, ?, ?, ?)
2025-05-04 12:52:13,487   ERROR - 1 - ORA-00001: restricción única (BILLSAPP.GRUPO_UN) violada
 - insert into GRUPO(GRUPO_ID, FECHA_CREACION, NOMBRE, USER_ID_CREADOR) values(GRUPO_SEQ.NEXTVAL, ?, ?, ?)
2025-05-04 12:59:08,314   ERROR - 1 - ORA-00001: restricción única (BILLSAPP.GRUPO_UN) violada
 - insert into GRUPO(GRUPO_ID, FECHA_CREACION, NOMBRE, USER_ID_CREADOR) values(GRUPO_SEQ.NEXTVAL, ?, ?, ?)
2025-05-04 13:01:12,859   ERROR - 1 - ORA-00001: restricción única (BILLSAPP.GRUPO_UN) violada
 - insert into GRUPO(GRUPO_ID, FECHA_CREACION, NOMBRE, USER_ID_CREADOR) values(GRUPO_SEQ.NEXTVAL, ?, ?, ?)
2025-05-04 13:01:17,069   ERROR - 1 - ORA-00001: restricción única (BILLSAPP.GRUPO_UN) violada
 - insert into GRUPO(GRUPO_ID, FECHA_CREACION, NOMBRE, USER_ID_CREADOR) values(GRUPO_SEQ.NEXTVAL, ?, ?, ?)
2025-05-04 13:01:22,077   ERROR - 1 - ORA-00001: restricción única (BILLSAPP.GRUPO_UN) violada
 - insert into GRUPO(GRUPO_ID, FECHA_CREACION, NOMBRE, USER_ID_CREADOR) values(GRUPO_SEQ.NEXTVAL, ?, ?, ?)
2025-05-06 17:56:55,424   ERROR - 1 - ORA-00001: restricción única (BILLSAPP.PARTICIPANTE__UN) violada
 - insert into PARTICIPANTE(PARTICIPANTE_ID, ALIAS, GRUPO_ID) values(PARTICIPANTE_SEQ.NEXTVAL, ?, ?)
2025-05-06 17:57:01,082   ERROR - 1 - ORA-00001: restricción única (BILLSAPP.PARTICIPANTE__UN) violada
 - insert into PARTICIPANTE(PARTICIPANTE_ID, ALIAS, GRUPO_ID) values(PARTICIPANTE_SEQ.NEXTVAL, ?, ?)
2025-05-06 17:58:19,264   ERROR - 1 - ORA-00001: restricción única (BILLSAPP.PARTICIPANTE__UN) violada
 - insert into PARTICIPANTE(PARTICIPANTE_ID, ALIAS, GRUPO_ID) values(PARTICIPANTE_SEQ.NEXTVAL, ?, ?)
2025-05-06 17:58:44,898   ERROR - 1 - ORA-00001: restricción única (BILLSAPP.PARTICIPANTE__UN) violada
 - insert into PARTICIPANTE(PARTICIPANTE_ID, ALIAS, GRUPO_ID) values(PARTICIPANTE_SEQ.NEXTVAL, ?, ?)
2025-05-06 17:58:59,860   ERROR - 1 - ORA-00001: restricción única (BILLSAPP.PARTICIPANTE__UN) violada
 - insert into PARTICIPANTE(PARTICIPANTE_ID, ALIAS, GRUPO_ID) values(PARTICIPANTE_SEQ.NEXTVAL, ?, ?)
2025-05-12 12:26:11,746   ERROR - 12899 - ORA-12899: el valor es demasiado grande para la columna "BILLSAPP"."GASTO"."DESCRIPCION" (real: 51, máximo: 50)
 - insert into GASTO(GASTO_ID, FECHA, DESCRIPCION, IMPORTE_TOTAL, PARTICIPANTE_ID_PAGADOR) values(GASTO_SEQ.NEXTVAL, ?, ?, ?, ?)
2025-05-18 23:15:05,669   ERROR - 1 - ORA-00001: restricción única (BILLSAPP.USUARIO_UN) violada
 - insert into USUARIO(USER_ID, ALIAS, EMAIL, PASSWORD, TELEFONO) values(USUARIO_SEQ.NEXTVAL, ?, ?, ?, ?)
2025-05-26 18:09:57,701   ERROR - 1 - ORA-00001: restricción única (BILLSAPP.UQ_FECHA_DESCRIPCION) violada
 - update GASTO set FECHA=?, DESCRIPCION=?, IMPORTE_TOTAL=?, PARTICIPANTE_ID_PAGADOR=? where GASTO_ID=?
2025-05-26 18:10:01,170   ERROR - 1 - ORA-00001: restricción única (BILLSAPP.UQ_FECHA_DESCRIPCION) violada
 - update GASTO set FECHA=?, DESCRIPCION=?, IMPORTE_TOTAL=?, PARTICIPANTE_ID_PAGADOR=? where GASTO_ID=?
2025-05-26 18:10:01,897   ERROR - 1 - ORA-00001: restricción única (BILLSAPP.UQ_FECHA_DESCRIPCION) violada
 - update GASTO set FECHA=?, DESCRIPCION=?, IMPORTE_TOTAL=?, PARTICIPANTE_ID_PAGADOR=? where GASTO_ID=?
2025-05-26 18:10:02,597   ERROR - 1 - ORA-00001: restricción única (BILLSAPP.UQ_FECHA_DESCRIPCION) violada
 - update GASTO set FECHA=?, DESCRIPCION=?, IMPORTE_TOTAL=?, PARTICIPANTE_ID_PAGADOR=? where GASTO_ID=?
2025-05-26 18:10:06,863   ERROR - 1 - ORA-00001: restricción única (BILLSAPP.UQ_FECHA_DESCRIPCION) violada
 - update GASTO set FECHA=?, DESCRIPCION=?, IMPORTE_TOTAL=?, PARTICIPANTE_ID_PAGADOR=? where GASTO_ID=?
2025-05-26 18:17:13,956   ERROR - 1 - ORA-00001: restricción única (BILLSAPP.UQ_FECHA_DESCRIPCION) violada
 - update GASTO set FECHA=?, DESCRIPCION=?, IMPORTE_TOTAL=?, PARTICIPANTE_ID_PAGADOR=? where GASTO_ID=?
2025-05-26 18:17:17,900   ERROR - 1 - ORA-00001: restricción única (BILLSAPP.UQ_FECHA_DESCRIPCION) violada
 - update GASTO set FECHA=?, DESCRIPCION=?, IMPORTE_TOTAL=?, PARTICIPANTE_ID_PAGADOR=? where GASTO_ID=?
2025-05-26 18:17:33,490   ERROR - 1 - ORA-00001: restricción única (BILLSAPP.UQ_FECHA_DESCRIPCION) violada
 - update GASTO set FECHA=?, DESCRIPCION=?, IMPORTE_TOTAL=?, PARTICIPANTE_ID_PAGADOR=? where GASTO_ID=?
2025-05-26 18:22:02,306   ERROR - 1 - ORA-00001: restricción única (BILLSAPP.UQ_FECHA_DESCRIPCION) violada
 - update GASTO set FECHA=?, DESCRIPCION=?, IMPORTE_TOTAL=?, PARTICIPANTE_ID_PAGADOR=? where GASTO_ID=?
2025-05-26 18:22:06,486   ERROR - 1 - ORA-00001: restricción única (BILLSAPP.UQ_FECHA_DESCRIPCION) violada
 - update GASTO set FECHA=?, DESCRIPCION=?, IMPORTE_TOTAL=?, PARTICIPANTE_ID_PAGADOR=? where GASTO_ID=?
2025-05-26 18:22:51,188   ERROR - 1 - ORA-00001: restricción única (BILLSAPP.UQ_FECHA_DESCRIPCION) violada
 - update GASTO set FECHA=?, DESCRIPCION=?, IMPORTE_TOTAL=?, PARTICIPANTE_ID_PAGADOR=? where GASTO_ID=?
2025-05-26 18:22:52,001   ERROR - 1 - ORA-00001: restricción única (BILLSAPP.UQ_FECHA_DESCRIPCION) violada
 - update GASTO set FECHA=?, DESCRIPCION=?, IMPORTE_TOTAL=?, PARTICIPANTE_ID_PAGADOR=? where GASTO_ID=?
2025-05-26 18:22:56,468   ERROR - 1 - ORA-00001: restricción única (BILLSAPP.UQ_FECHA_DESCRIPCION) violada
 - update GASTO set FECHA=?, DESCRIPCION=?, IMPORTE_TOTAL=?, PARTICIPANTE_ID_PAGADOR=? where GASTO_ID=?
2025-05-26 18:23:00,535   ERROR - 1 - ORA-00001: restricción única (BILLSAPP.UQ_FECHA_DESCRIPCION) violada
 - update GASTO set FECHA=?, DESCRIPCION=?, IMPORTE_TOTAL=?, PARTICIPANTE_ID_PAGADOR=? where GASTO_ID=?
2025-05-26 18:23:04,635   ERROR - 1 - ORA-00001: restricción única (BILLSAPP.UQ_FECHA_DESCRIPCION) violada
 - update GASTO set FECHA=?, DESCRIPCION=?, IMPORTE_TOTAL=?, PARTICIPANTE_ID_PAGADOR=? where GASTO_ID=?
2025-05-26 18:25:23,564   ERROR - 1 - ORA-00001: restricción única (BILLSAPP.UQ_FECHA_DESCRIPCION) violada
 - update GASTO set FECHA=?, DESCRIPCION=?, IMPORTE_TOTAL=?, PARTICIPANTE_ID_PAGADOR=? where GASTO_ID=?
2025-05-26 18:25:27,516   ERROR - 1 - ORA-00001: restricción única (BILLSAPP.UQ_FECHA_DESCRIPCION) violada
 - update GASTO set FECHA=?, DESCRIPCION=?, IMPORTE_TOTAL=?, PARTICIPANTE_ID_PAGADOR=? where GASTO_ID=?
2025-05-26 18:25:31,682   ERROR - 1 - ORA-00001: restricción única (BILLSAPP.UQ_FECHA_DESCRIPCION) violada
 - update GASTO set FECHA=?, DESCRIPCION=?, IMPORTE_TOTAL=?, PARTICIPANTE_ID_PAGADOR=? where GASTO_ID=?
2025-05-26 18:25:36,612   ERROR - 1 - ORA-00001: restricción única (BILLSAPP.UQ_FECHA_DESCRIPCION) violada
 - update GASTO set FECHA=?, DESCRIPCION=?, IMPORTE_TOTAL=?, PARTICIPANTE_ID_PAGADOR=? where GASTO_ID=?
2025-05-26 19:11:52,477   ERROR - 1 - ORA-00001: restricción única (BILLSAPP.GRUPO_UN) violada
 - insert into GRUPO(GRUPO_ID, FECHA_CREACION, NOMBRE, USER_ID_CREADOR) values(GRUPO_SEQ.NEXTVAL, ?, ?, ?)
2025-05-26 19:11:53,172   ERROR - 1 - ORA-00001: restricción única (BILLSAPP.GRUPO_UN) violada
 - insert into GRUPO(GRUPO_ID, FECHA_CREACION, NOMBRE, USER_ID_CREADOR) values(GRUPO_SEQ.NEXTVAL, ?, ?, ?)
2025-05-26 19:11:53,808   ERROR - 1 - ORA-00001: restricción única (BILLSAPP.GRUPO_UN) violada
 - insert into GRUPO(GRUPO_ID, FECHA_CREACION, NOMBRE, USER_ID_CREADOR) values(GRUPO_SEQ.NEXTVAL, ?, ?, ?)
2025-05-26 19:11:53,821   ERROR - 1 - ORA-00001: restricción única (BILLSAPP.GRUPO_UN) violada
 - insert into GRUPO(GRUPO_ID, FECHA_CREACION, NOMBRE, USER_ID_CREADOR) values(GRUPO_SEQ.NEXTVAL, ?, ?, ?)
2025-05-26 19:11:53,834   ERROR - 1 - ORA-00001: restricción única (BILLSAPP.GRUPO_UN) violada
 - insert into GRUPO(GRUPO_ID, FECHA_CREACION, NOMBRE, USER_ID_CREADOR) values(GRUPO_SEQ.NEXTVAL, ?, ?, ?)
2025-05-26 19:11:54,540   ERROR - 1 - ORA-00001: restricción única (BILLSAPP.GRUPO_UN) violada
 - insert into GRUPO(GRUPO_ID, FECHA_CREACION, NOMBRE, USER_ID_CREADOR) values(GRUPO_SEQ.NEXTVAL, ?, ?, ?)
2025-05-26 19:11:55,197   ERROR - 1 - ORA-00001: restricción única (BILLSAPP.GRUPO_UN) violada
 - insert into GRUPO(GRUPO_ID, FECHA_CREACION, NOMBRE, USER_ID_CREADOR) values(GRUPO_SEQ.NEXTVAL, ?, ?, ?)
2025-05-28 18:30:21,654   ERROR - 2290 - ORA-02290: restricción de control (BILLSAPP.VIAJE_CK_1) violada
 - insert into GRUPO(GRUPO_ID, FECHA_CREACION, NOMBRE, USER_ID_CREADOR) values(GRUPO_SEQ.NEXTVAL, ?, ?, ?)
2025-05-28 18:30:30,351   ERROR - 2290 - ORA-02290: restricción de control (BILLSAPP.VIAJE_CK_1) violada
 - insert into GRUPO(GRUPO_ID, FECHA_CREACION, NOMBRE, USER_ID_CREADOR) values(GRUPO_SEQ.NEXTVAL, ?, ?, ?)
2025-05-28 18:30:45,903   ERROR - 2290 - ORA-02290: restricción de control (BILLSAPP.VIAJE_CK_1) violada
 - insert into GRUPO(GRUPO_ID, FECHA_CREACION, NOMBRE, USER_ID_CREADOR) values(GRUPO_SEQ.NEXTVAL, ?, ?, ?)
2025-05-30 11:32:23,316   ERROR - 1 - ORA-00001: restricción única (BILLSAPP.UQ_FECHA_DESCRIPCION) violada
 - insert into GASTO(GASTO_ID, FECHA, DESCRIPCION, IMPORTE_TOTAL, PARTICIPANTE_ID_PAGADOR) values(GASTO_SEQ.NEXTVAL, ?, ?, ?, ?)
2025-06-09 20:08:28,562   ERROR - 1 - ORA-00001: restricción única (BILLSAPP.GRUPO_PK) violada
 - insert into GRUPO(GRUPO_ID, FECHA_CREACION, NOMBRE, USER_ID_CREADOR) values(GRUPO_SEQ.NEXTVAL, ?, ?, ?)
2025-06-09 20:08:33,163   ERROR - 1 - ORA-00001: restricción única (BILLSAPP.GRUPO_PK) violada
 - insert into GRUPO(GRUPO_ID, FECHA_CREACION, NOMBRE, USER_ID_CREADOR) values(GRUPO_SEQ.NEXTVAL, ?, ?, ?)
2025-06-09 20:09:17,129   ERROR - 1 - ORA-00001: restricción única (BILLSAPP.GRUPO_PK) violada
 - insert into GRUPO(GRUPO_ID, FECHA_CREACION, NOMBRE, USER_ID_CREADOR) values(GRUPO_SEQ.NEXTVAL, ?, ?, ?)
2025-06-09 20:17:42,230   ERROR - 2292 - ORA-02292: restricción de integridad (BILLSAPP.PARTICIPANTE_GRUPO_FK) violada - registro secundario encontrado
 - Delete from GRUPO where GRUPO_ID = 6
2025-06-09 20:18:02,529   ERROR - 2292 - ORA-02292: restricción de integridad (BILLSAPP.PARTICIPANTE_GRUPO_FK) violada - registro secundario encontrado
 - Delete from GRUPO where GRUPO_ID = 6
2025-06-10 00:24:54,079   ERROR - 1 - ORA-00001: restricción única (BILLSAPP.DISTRIBUCION_GASTO__UN) violada
 - insert into DISTRIBUCION_GASTO(DISTRIBUCION_ID, CANTIDAD_DEBIDA, PARTICIPANTE_ID, GASTO_ID) values(DISTRIBUCION_GASTO_SEQ.NEXTVAL, ?, ?, ?)
2025-06-10 00:24:54,114   ERROR - 1 - ORA-00001: restricción única (BILLSAPP.DISTRIBUCION_GASTO__UN) violada
 - insert into DISTRIBUCION_GASTO(DISTRIBUCION_ID, CANTIDAD_DEBIDA, PARTICIPANTE_ID, GASTO_ID) values(DISTRIBUCION_GASTO_SEQ.NEXTVAL, ?, ?, ?)
2025-06-10 16:51:04,040   ERROR - 1 - ORA-00001: restricción única (BILLSAPP.USUARIO_UNV1) violada
 - insert into USUARIO(USER_ID, ALIAS, EMAIL, PASSWORD, TELEFONO) values(USUARIO_SEQ.NEXTVAL, ?, ?, ?, ?)
2025-06-23 13:43:51,480   ERROR - 1 - ORA-00001: restricción única (BILLSAPP.USUARIO_UN) violada
 - insert into USUARIO(USER_ID, ALIAS, EMAIL, PASSWORD, TELEFONO) values(USUARIO_SEQ.NEXTVAL, ?, ?, ?, ?)
2025-06-23 13:47:09,372   ERROR - 1 - ORA-00001: restricción única (BILLSAPP.GRUPO_UN) violada
 - insert into GRUPO(GRUPO_ID, FECHA_CREACION, NOMBRE, USER_ID_CREADOR) values(GRUPO_SEQ.NEXTVAL, ?, ?, ?)
2025-06-23 13:52:21,355   ERROR - 1 - ORA-00001: restricción única (BILLSAPP.DISTRIBUCION_GASTO__UN) violada
 - insert into DISTRIBUCION_GASTO(DISTRIBUCION_ID, CANTIDAD_DEBIDA, PARTICIPANTE_ID, GASTO_ID) values(DISTRIBUCION_GASTO_SEQ.NEXTVAL, ?, ?, ?)
2025-06-23 13:57:35,159   ERROR - 1 - ORA-00001: restricción única (BILLSAPP.DISTRIBUCION_GASTO__UN) violada
 - insert into DISTRIBUCION_GASTO(DISTRIBUCION_ID, CANTIDAD_DEBIDA, PARTICIPANTE_ID, GASTO_ID) values(DISTRIBUCION_GASTO_SEQ.NEXTVAL, ?, ?, ?)
2025-06-23 13:57:36,077   ERROR - 1 - ORA-00001: restricción única (BILLSAPP.DISTRIBUCION_GASTO__UN) violada
 - insert into DISTRIBUCION_GASTO(DISTRIBUCION_ID, CANTIDAD_DEBIDA, PARTICIPANTE_ID, GASTO_ID) values(DISTRIBUCION_GASTO_SEQ.NEXTVAL, ?, ?, ?)
2025-06-23 13:57:39,209   ERROR - 1 - ORA-00001: restricción única (BILLSAPP.DISTRIBUCION_GASTO__UN) violada
 - insert into DISTRIBUCION_GASTO(DISTRIBUCION_ID, CANTIDAD_DEBIDA, PARTICIPANTE_ID, GASTO_ID) values(DISTRIBUCION_GASTO_SEQ.NEXTVAL, ?, ?, ?)
2025-06-30 11:36:59,431   ERROR - 1 - ORA-00001: restricción única (BILLSAPP.GRUPO_UN) violada
 - insert into GRUPO(GRUPO_ID, FECHA_CREACION, NOMBRE, USER_ID_CREADOR) values(GRUPO_SEQ.NEXTVAL, ?, ?, ?)
2025-06-30 11:45:35,036   ERROR - 1 - ORA-00001: restricción única (BILLSAPP.GRUPO_UN) violada
 - insert into GRUPO(GRUPO_ID, FECHA_CREACION, NOMBRE, USER_ID_CREADOR) values(GRUPO_SEQ.NEXTVAL, ?, ?, ?)
2025-06-30 11:47:11,684   ERROR - 1 - ORA-00001: restricción única (BILLSAPP.DISTRIBUCION_GASTO__UN) violada
 - insert into DISTRIBUCION_GASTO(DISTRIBUCION_ID, CANTIDAD_DEBIDA, PARTICIPANTE_ID, GASTO_ID) values(DISTRIBUCION_GASTO_SEQ.NEXTVAL, ?, ?, ?)
2025-06-30 11:47:12,003   ERROR - 1 - ORA-00001: restricción única (BILLSAPP.DISTRIBUCION_GASTO__UN) violada
 - insert into DISTRIBUCION_GASTO(DISTRIBUCION_ID, CANTIDAD_DEBIDA, PARTICIPANTE_ID, GASTO_ID) values(DISTRIBUCION_GASTO_SEQ.NEXTVAL, ?, ?, ?)
2025-06-30 11:47:12,161   ERROR - 1 - ORA-00001: restricción única (BILLSAPP.DISTRIBUCION_GASTO__UN) violada
 - insert into DISTRIBUCION_GASTO(DISTRIBUCION_ID, CANTIDAD_DEBIDA, PARTICIPANTE_ID, GASTO_ID) values(DISTRIBUCION_GASTO_SEQ.NEXTVAL, ?, ?, ?)
2025-06-30 11:47:12,352   ERROR - 1 - ORA-00001: restricción única (BILLSAPP.DISTRIBUCION_GASTO__UN) violada
 - insert into DISTRIBUCION_GASTO(DISTRIBUCION_ID, CANTIDAD_DEBIDA, PARTICIPANTE_ID, GASTO_ID) values(DISTRIBUCION_GASTO_SEQ.NEXTVAL, ?, ?, ?)
2025-06-30 11:47:12,503   ERROR - 1 - ORA-00001: restricción única (BILLSAPP.DISTRIBUCION_GASTO__UN) violada
 - insert into DISTRIBUCION_GASTO(DISTRIBUCION_ID, CANTIDAD_DEBIDA, PARTICIPANTE_ID, GASTO_ID) values(DISTRIBUCION_GASTO_SEQ.NEXTVAL, ?, ?, ?)
